<?xml version="1.0" encoding="UTF-8" ?>
<testsuite tests="66" failures="0" name="test.RunCucumberTest" time="0.042" errors="0" skipped="53">
  <properties>
[...]
</properties>
  <testcase classname="Scenario: Teste do campo de texto" name="Given que o formulário foi aberto" time="0.003">
    <skipped/>
  </testcase>
  <testcase classname="Scenario: Teste do campo de texto" name="When eu preencho o campo de nome com &quot;Henrique&quot; e o sobrenome com &quot;Rezende Bulla&quot;" time="0.003">
    <skipped/>
  </testcase>
  <testcase classname="Scenario: Teste do campo de texto" name="Then o campo de nome deve conter &quot;Henrique&quot;" time="0.003">
    <skipped/>
  </testcase>
  <testcase classname="Scenario: Teste do campo de texto" name="And o campo de sobrenome deve conter &quot;Rezende Bulla&quot;" time="0.003">
    <skipped/>
  </testcase>
  <testcase classname="Scenario: Teste do campo de texto" name="Scenario: Teste do campo de texto" time="0.003">
    <skipped/>
  </testcase>
  <testcase classname="Scenario: Teste do campo de texto" name="Scenario: Teste do campo de texto" time="0.003"/>
  <testcase classname="Scenario: Teste do campo de texto para área de sugestões" name="Given que o formulário foi aberto" time="0">
    <skipped/>
  </testcase>
  <testcase classname="Scenario: Teste do campo de texto para área de sugestões" name="When eu preencho o campo de sugestões com &quot;Henrique\nRezende\nBulla&quot;" time="0">
    <skipped/>
  </testcase>
  <testcase classname="Scenario: Teste do campo de texto para área de sugestões" name="Then o campo de sugestões deve conter &quot;Henrique\nRezende\nBulla&quot;" time="0">
    <skipped/>
  </testcase>
  <testcase classname="Scenario: Teste do campo de texto para área de sugestões" name="Scenario: Teste do campo de texto para área de sugestões" time="0">
    <skipped/>
  </testcase>
  <testcase classname="Scenario: Teste do campo de texto para área de sugestões" name="Scenario: Teste do campo de texto para área de sugestões" time="0"/>
  <testcase classname="Scenario: Teste do botão de rádio" name="Given que o formulário foi aberto" time="0">
    <skipped/>
  </testcase>
  <testcase classname="Scenario: Teste do botão de rádio" name="When eu seleciono o rádio do sexo" time="0">
    <skipped/>
  </testcase>
  <testcase classname="Scenario: Teste do botão de rádio" name="Then o botão de rádio para sexo deve estar selecionado" time="0">
    <skipped/>
  </testcase>
  <testcase classname="Scenario: Teste do botão de rádio" name="Scenario: Teste do botão de rádio" time="0">
    <skipped/>
  </testcase>
  <testcase classname="Scenario: Teste do botão de rádio" name="Scenario: Teste do botão de rádio" time="0"/>
  <testcase classname="Scenario: Teste do checkbox" name="Given que o formulário foi aberto" time="0">
    <skipped/>
  </testcase>
  <testcase classname="Scenario: Teste do checkbox" name="When eu seleciono o checkbox de comida favorita" time="0">
    <skipped/>
  </testcase>
  <testcase classname="Scenario: Teste do checkbox" name="Then o checkbox deve estar selecionado" time="0.001">
    <skipped/>
  </testcase>
  <testcase classname="Scenario: Teste do checkbox" name="Scenario: Teste do checkbox" time="0.001">
    <skipped/>
  </testcase>
  <testcase classname="Scenario: Teste do checkbox" name="Scenario: Teste do checkbox" time="0.001"/>
  <testcase classname="Scenario: Teste do combo box de escolaridade" name="Given que o formulário foi aberto" time="0.001">
    <skipped/>
  </testcase>
  <testcase classname="Scenario: Teste do combo box de escolaridade" name="When eu seleciono a escolaridade como &quot;Mestrado&quot;" time="0.001">
    <skipped/>
  </testcase>
  <testcase classname="Scenario: Teste do combo box de escolaridade" name="Then o combo box de escolaridade deve estar com &quot;Mestrado&quot;" time="0.001">
    <skipped/>
  </testcase>
  <testcase classname="Scenario: Teste do combo box de escolaridade" name="Scenario: Teste do combo box de escolaridade" time="0.001">
    <skipped/>
  </testcase>
  <testcase classname="Scenario: Teste do combo box de escolaridade" name="Scenario: Teste do combo box de escolaridade" time="0.001"/>
  <testcase classname="Scenario: Verificar valores do combo box" name="Given que o formulário foi aberto" time="0">
    <skipped/>
  </testcase>
  <testcase classname="Scenario: Verificar valores do combo box" name="Then o combo box de escolaridade deve conter 8 opções" time="0">
    <skipped/>
  </testcase>
  <testcase classname="Scenario: Verificar valores do combo box" name="And o combo box de escolaridade deve conter a opção &quot;Mestrado&quot;" time="0.001">
    <skipped/>
  </testcase>
  <testcase classname="Scenario: Verificar valores do combo box" name="Scenario: Verificar valores do combo box" time="0.001">
    <skipped/>
  </testcase>
  <testcase classname="Scenario: Verificar valores do combo box" name="Scenario: Verificar valores do combo box" time="0.001"/>
  <testcase classname="Scenario: Verificar seleção múltipla do combo de esportes" name="Given que o formulário foi aberto" time="0">
    <skipped/>
  </testcase>
  <testcase classname="Scenario: Verificar seleção múltipla do combo de esportes" name="When eu seleciono os esportes &quot;Natacao&quot;, &quot;Corrida&quot; e &quot;O que eh esporte?&quot;" time="0">
    <skipped/>
  </testcase>
  <testcase classname="Scenario: Verificar seleção múltipla do combo de esportes" name="Then os esportes selecionados devem conter &quot;Natacao&quot;, &quot;Corrida&quot;, e &quot;O que eh esporte?&quot;" time="0">
    <skipped/>
  </testcase>
  <testcase classname="Scenario: Verificar seleção múltipla do combo de esportes" name="Scenario: Verificar seleção múltipla do combo de esportes" time="0">
    <skipped/>
  </testcase>
  <testcase classname="Scenario: Verificar seleção múltipla do combo de esportes" name="Scenario: Verificar seleção múltipla do combo de esportes" time="0"/>
  <testcase classname="Scenario: Interagir com botões" name="Given que o formulário foi aberto" time="0.001">
    <skipped/>
  </testcase>
  <testcase classname="Scenario: Interagir com botões" name="When eu clico no botão simples" time="0.001">
    <skipped/>
  </testcase>
  <testcase classname="Scenario: Interagir com botões" name="Then o botão deve conter o texto &quot;Obrigado!&quot;" time="0.001">
    <skipped/>
  </testcase>
  <testcase classname="Scenario: Interagir com botões" name="Scenario: Interagir com botões" time="0.001">
    <skipped/>
  </testcase>
  <testcase classname="Scenario: Interagir com botões" name="Scenario: Interagir com botões" time="0.001"/>
  <testcase classname="Scenario: Buscar texto na página" name="Given que o formulário foi aberto" time="0">
    <skipped/>
  </testcase>
  <testcase classname="Scenario: Buscar texto na página" name="Then o título da página deve ser &quot;Campo de Treinamento&quot;" time="0">
    <skipped/>
  </testcase>
  <testcase classname="Scenario: Buscar texto na página" name="And o texto da página deve conter &quot;Cuidado onde clica, muitas armadilhas...&quot;" time="0">
    <skipped/>
  </testcase>
  <testcase classname="Scenario: Buscar texto na página" name="Scenario: Buscar texto na página" time="0">
    <skipped/>
  </testcase>
  <testcase classname="Scenario: Buscar texto na página" name="Scenario: Buscar texto na página" time="0"/>
  <testcase classname="Scenario: Nome obrigatório" name="Given que o formulário foi aberto" time="0">
    <skipped/>
  </testcase>
  <testcase classname="Scenario: Nome obrigatório" name="When eu clico no botão de cadastrar" time="0">
    <skipped/>
  </testcase>
  <testcase classname="Scenario: Nome obrigatório" name="Then devo ver o alerta &quot;Nome eh obrigatorio&quot;" time="0">
    <skipped/>
  </testcase>
  <testcase classname="Scenario: Nome obrigatório" name="Scenario: Nome obrigatório" time="0">
    <skipped/>
  </testcase>
  <testcase classname="Scenario: Nome obrigatório" name="Scenario: Nome obrigatório" time="0"/>
  <testcase classname="Scenario: Sobrenome obrigatório" name="Given que o formulário foi aberto" time="0">
    <skipped/>
  </testcase>
  <testcase classname="Scenario: Sobrenome obrigatório" name="When eu preencho o nome e clico no botão de cadastrar" time="0">
    <skipped/>
  </testcase>
  <testcase classname="Scenario: Sobrenome obrigatório" name="Then devo ver o alerta &quot;Sobrenome eh obrigatorio&quot;" time="0.001">
    <skipped/>
  </testcase>
  <testcase classname="Scenario: Sobrenome obrigatório" name="Scenario: Sobrenome obrigatório" time="0.001">
    <skipped/>
  </testcase>
  <testcase classname="Scenario: Sobrenome obrigatório" name="Scenario: Sobrenome obrigatório" time="0.001"/>
  <testcase classname="Scenario: Gênero obrigatório" name="Given que o formulário foi aberto" time="0">
    <skipped/>
  </testcase>
  <testcase classname="Scenario: Gênero obrigatório" name="When eu preencho o nome e o sobrenome e clico no botão de cadastrar" time="0">
    <skipped/>
  </testcase>
  <testcase classname="Scenario: Gênero obrigatório" name="Then devo ver o alerta &quot;Sexo eh obrigatorio&quot;" time="0">
    <skipped/>
  </testcase>
  <testcase classname="Scenario: Gênero obrigatório" name="Scenario: Gênero obrigatório" time="0">
    <skipped/>
  </testcase>
  <testcase classname="Scenario: Gênero obrigatório" name="Scenario: Gênero obrigatório" time="0"/>
  <testcase classname="Scenario: Validar vegetariano" name="Given que o formulário foi aberto" time="0.001">
    <skipped/>
  </testcase>
  <testcase classname="Scenario: Validar vegetariano" name="When eu preencho o nome, sobrenome e seleciono as opções de sexo e comida" time="0.001">
    <skipped/>
  </testcase>
  <testcase classname="Scenario: Validar vegetariano" name="Then devo ver o alerta &quot;Tem certeza que voce eh vegetariano?&quot;" time="0.001">
    <skipped/>
  </testcase>
  <testcase classname="Scenario: Validar vegetariano" name="Scenario: Validar vegetariano" time="0.001">
    <skipped/>
  </testcase>
  <testcase classname="Scenario: Validar vegetariano" name="Scenario: Validar vegetariano" time="0.001"/>
</testsuite>